0 info it worked if it ends with ok
1 verbose cli [ '/usr/bin/node',
1 verbose cli   '/usr/bin/npm',
1 verbose cli   'install',
1 verbose cli   '--save-dev',
1 verbose cli   'webpack' ]
2 info using npm@1.4.21
3 info using node@v10.21.0
4 warn package.json copy-descriptor@0.1.1 No README data
5 warn package.json get-value@2.0.6 No README data
6 warn package.json object-copy@0.1.0 No README data
7 warn package.json setimmediate@1.0.5 No README data
8 warn package.json static-extend@0.1.2 No README data
9 warn package.json assert@1.5.0 assert is also the name of a node core module.
10 warn package.json console-browserify@1.2.0 No license field.
11 warn package.json enhanced-resolve@4.1.1 No license field.
12 warn package.json events@3.1.0 events is also the name of a node core module.
13 warn package.json process@0.11.10 process is also the name of a node core module.
14 warn package.json querystring@0.2.0 querystring is also the name of a node core module.
15 warn package.json querystring@0.2.0 No license field.
16 warn package.json punycode@2.1.1 punycode is also the name of a node core module.
17 warn package.json querystring-es3@0.2.1 No license field.
18 warn package.json string_decoder@1.1.1 string_decoder is also the name of a node core module.
19 warn package.json util@0.11.1 util is also the name of a node core module.
20 warn package.json url@0.11.0 url is also the name of a node core module.
21 warn package.json buffer@4.9.2 buffer is also the name of a node core module.
22 verbose readDependencies using package.json deps
23 verbose cache add [ 'webpack', null ]
24 verbose cache add name=undefined spec="webpack" args=["webpack",null]
25 verbose parsed url Url {
25 verbose parsed url   protocol: null,
25 verbose parsed url   slashes: null,
25 verbose parsed url   auth: null,
25 verbose parsed url   host: null,
25 verbose parsed url   port: null,
25 verbose parsed url   hostname: null,
25 verbose parsed url   hash: null,
25 verbose parsed url   search: null,
25 verbose parsed url   query: null,
25 verbose parsed url   pathname: 'webpack',
25 verbose parsed url   path: 'webpack',
25 verbose parsed url   href: 'webpack' }
26 silly lockFile 057b6197-webpack webpack
27 verbose lock webpack /home/marcos/.npm/057b6197-webpack.lock
28 silly lockFile 057b6197-webpack webpack
29 silly lockFile 057b6197-webpack webpack
30 verbose addNamed [ 'webpack', '' ]
31 verbose addNamed [ null, '*' ]
32 silly lockFile 9c8dd08b-webpack webpack@
33 verbose lock webpack@ /home/marcos/.npm/9c8dd08b-webpack.lock
34 silly addNameRange { name: 'webpack', range: '*', hasData: false }
35 verbose request where is /webpack
36 verbose request registry https://registry.npmjs.org/
37 verbose request id 834cd94a010dbd1e
38 verbose url raw /webpack
39 verbose url resolving [ 'https://registry.npmjs.org/', './webpack' ]
40 verbose url resolved https://registry.npmjs.org/webpack
41 verbose request where is https://registry.npmjs.org/webpack
42 info trying registry request attempt 1 at 11:08:16 PM
43 http GET https://registry.npmjs.org/webpack
44 http 200 https://registry.npmjs.org/webpack
45 silly registry.get cb [ 200,
45 silly registry.get   { date: 'Thu, 23 Jul 2020 02:08:17 GMT',
45 silly registry.get     'content-type': 'application/json',
45 silly registry.get     'transfer-encoding': 'chunked',
45 silly registry.get     connection: 'close',
45 silly registry.get     'set-cookie':
45 silly registry.get      [ '__cfduid=da8e54448a3de2c33dd947eda808194af1595470097; expires=Sat, 22-Aug-20 02:08:17 GMT; path=/; domain=.npmjs.org; HttpOnly; SameSite=Lax' ],
45 silly registry.get     'cf-ray': '5b71da4bac02db74-GIG',
45 silly registry.get     age: '2824',
45 silly registry.get     'cache-control': 'public, max-age=300',
45 silly registry.get     etag: 'W/"46d439030edc4bd19cafe85310bd75ed"',
45 silly registry.get     'last-modified': 'Thu, 09 Jul 2020 12:02:02 GMT',
45 silly registry.get     vary: 'accept-encoding, accept',
45 silly registry.get     'cf-cache-status': 'HIT',
45 silly registry.get     'cf-request-id': '041b06c3460000db74dc3e6200000001',
45 silly registry.get     'expect-ct':
45 silly registry.get      'max-age=604800, report-uri="https://report-uri.cloudflare.com/cdn-cgi/beacon/expect-ct"',
45 silly registry.get     server: 'cloudflare',
45 silly registry.get     'content-encoding': 'gzip' } ]
46 silly addNameRange number 2 { name: 'webpack', range: '*', hasData: true }
47 silly addNameRange versions [ 'webpack',
47 silly addNameRange   [ '0.1.0',
47 silly addNameRange     '0.1.1',
47 silly addNameRange     '0.1.2',
47 silly addNameRange     '0.1.3',
47 silly addNameRange     '0.1.4',
47 silly addNameRange     '0.1.5',
47 silly addNameRange     '0.1.6',
47 silly addNameRange     '0.2.0',
47 silly addNameRange     '0.2.1',
47 silly addNameRange     '0.2.2',
47 silly addNameRange     '0.2.3',
47 silly addNameRange     '0.2.4',
47 silly addNameRange     '0.2.6',
47 silly addNameRange     '0.2.7',
47 silly addNameRange     '0.2.8',
47 silly addNameRange     '0.3.0',
47 silly addNameRange     '0.3.1',
47 silly addNameRange     '0.3.2',
47 silly addNameRange     '0.3.3',
47 silly addNameRange     '0.3.4',
47 silly addNameRange     '0.3.6',
47 silly addNameRange     '0.3.7',
47 silly addNameRange     '0.3.8',
47 silly addNameRange     '0.3.9',
47 silly addNameRange     '0.3.10',
47 silly addNameRange     '0.3.11',
47 silly addNameRange     '0.3.12',
47 silly addNameRange     '0.3.13',
47 silly addNameRange     '0.3.14',
47 silly addNameRange     '0.3.15',
47 silly addNameRange     '0.3.16',
47 silly addNameRange     '0.3.17',
47 silly addNameRange     '0.3.18',
47 silly addNameRange     '0.3.19',
47 silly addNameRange     '0.3.20',
47 silly addNameRange     '0.4.0',
47 silly addNameRange     '0.4.1',
47 silly addNameRange     '0.4.2',
47 silly addNameRange     '0.4.3',
47 silly addNameRange     '0.4.4',
47 silly addNameRange     '0.4.5',
47 silly addNameRange     '0.4.6',
47 silly addNameRange     '0.4.7',
47 silly addNameRange     '0.4.8',
47 silly addNameRange     '0.4.9',
47 silly addNameRange     '0.4.10',
47 silly addNameRange     '0.4.11',
47 silly addNameRange     '0.4.12',
47 silly addNameRange     '0.4.13',
47 silly addNameRange     '0.4.14',
47 silly addNameRange     '0.4.15',
47 silly addNameRange     '0.4.16',
47 silly addNameRange     '0.4.17',
47 silly addNameRange     '0.4.18',
47 silly addNameRange     '0.4.19',
47 silly addNameRange     '0.4.20',
47 silly addNameRange     '0.4.21',
47 silly addNameRange     '0.4.23',
47 silly addNameRange     '0.4.24',
47 silly addNameRange     '0.4.25',
47 silly addNameRange     '0.5.0',
47 silly addNameRange     '0.5.1',
47 silly addNameRange     '0.5.2',
47 silly addNameRange     '0.5.3',
47 silly addNameRange     '0.5.4',
47 silly addNameRange     '0.5.5',
47 silly addNameRange     '0.5.6',
47 silly addNameRange     '0.5.7',
47 silly addNameRange     '0.5.8',
47 silly addNameRange     '0.5.10',
47 silly addNameRange     '0.6.0',
47 silly addNameRange     '0.6.1',
47 silly addNameRange     '0.6.2',
47 silly addNameRange     '0.7.0-beta',
47 silly addNameRange     '0.7.0-beta2',
47 silly addNameRange     '0.7.0-beta3',
47 silly addNameRange     '0.7.0-beta4',
47 silly addNameRange     '0.7.0-beta5',
47 silly addNameRange     '0.7.0-beta6',
47 silly addNameRange     '0.7.0-beta7',
47 silly addNameRange     '0.7.0-beta8',
47 silly addNameRange     '0.7.0',
47 silly addNameRange     '0.7.1',
47 silly addNameRange     '0.7.2',
47 silly addNameRange     '0.7.3',
47 silly addNameRange     '0.7.4',
47 silly addNameRange     '0.7.5',
47 silly addNameRange     '0.7.6',
47 silly addNameRange     '0.7.7',
47 silly addNameRange     '0.7.8',
47 silly addNameRange     '0.7.9',
47 silly addNameRange     '0.7.11',
47 silly addNameRange     '0.7.12',
47 silly addNameRange     '0.7.13',
47 silly addNameRange     '0.7.14',
47 silly addNameRange     '0.7.15',
47 silly addNameRange     '0.7.16',
47 silly addNameRange     '0.7.17',
47 silly addNameRange     '0.8.0-beta1',
47 silly addNameRange     '0.8.0-beta2',
47 silly addNameRange     ... 545 more items ] ]
48 verbose addNamed [ 'webpack', '4.43.0' ]
49 verbose addNamed [ '4.43.0', '4.43.0' ]
50 silly lockFile 803c0250-webpack-4-43-0 webpack@4.43.0
51 verbose lock webpack@4.43.0 /home/marcos/.npm/803c0250-webpack-4-43-0.lock
52 silly lockFile 68e437d3-s-org-webpack-webpack-4-43-0-tgz https://registry.npmjs.org/webpack/-/webpack-4.43.0.tgz
53 verbose lock https://registry.npmjs.org/webpack/-/webpack-4.43.0.tgz /home/marcos/.npm/68e437d3-s-org-webpack-webpack-4-43-0-tgz.lock
54 verbose addRemoteTarball [ 'https://registry.npmjs.org/webpack/-/webpack-4.43.0.tgz',
54 verbose addRemoteTarball   'c48547b11d563224c561dad1172c8aa0b8a678e6' ]
55 info retry fetch attempt 1 at 11:08:19 PM
56 verbose fetch to= /tmp/npm-9759-EFoIhFtj/registry.npmjs.org/webpack/-/webpack-4.43.0.tgz
57 http GET https://registry.npmjs.org/webpack/-/webpack-4.43.0.tgz
58 http 200 https://registry.npmjs.org/webpack/-/webpack-4.43.0.tgz
59 silly lockFile 68e437d3-s-org-webpack-webpack-4-43-0-tgz https://registry.npmjs.org/webpack/-/webpack-4.43.0.tgz
60 silly lockFile 68e437d3-s-org-webpack-webpack-4-43-0-tgz https://registry.npmjs.org/webpack/-/webpack-4.43.0.tgz
61 silly lockFile 803c0250-webpack-4-43-0 webpack@4.43.0
62 silly lockFile 803c0250-webpack-4-43-0 webpack@4.43.0
63 silly lockFile 9c8dd08b-webpack webpack@
64 silly lockFile 9c8dd08b-webpack webpack@
65 silly resolved [ { name: 'webpack',
65 silly resolved     version: '4.43.0',
65 silly resolved     author: { name: 'Tobias Koppers @sokra' },
65 silly resolved     description:
65 silly resolved      'Packs CommonJs/AMD modules for the browser. Allows to split your codebase into multiple bundles, which can be loaded on demand. Support loaders to preprocess files, i.e. json, jsx, es7, css, less, ... and your custom stuff.',
65 silly resolved     license: 'MIT',
65 silly resolved     dependencies:
65 silly resolved      { '@webassemblyjs/ast': '1.9.0',
65 silly resolved        '@webassemblyjs/helper-module-context': '1.9.0',
65 silly resolved        '@webassemblyjs/wasm-edit': '1.9.0',
65 silly resolved        '@webassemblyjs/wasm-parser': '1.9.0',
65 silly resolved        acorn: '^6.4.1',
65 silly resolved        ajv: '^6.10.2',
65 silly resolved        'ajv-keywords': '^3.4.1',
65 silly resolved        'chrome-trace-event': '^1.0.2',
65 silly resolved        'enhanced-resolve': '^4.1.0',
65 silly resolved        'eslint-scope': '^4.0.3',
65 silly resolved        'json-parse-better-errors': '^1.0.2',
65 silly resolved        'loader-runner': '^2.4.0',
65 silly resolved        'loader-utils': '^1.2.3',
65 silly resolved        'memory-fs': '^0.4.1',
65 silly resolved        micromatch: '^3.1.10',
65 silly resolved        mkdirp: '^0.5.3',
65 silly resolved        'neo-async': '^2.6.1',
65 silly resolved        'node-libs-browser': '^2.2.1',
65 silly resolved        'schema-utils': '^1.0.0',
65 silly resolved        tapable: '^1.1.3',
65 silly resolved        'terser-webpack-plugin': '^1.4.3',
65 silly resolved        watchpack: '^1.6.1',
65 silly resolved        'webpack-sources': '^1.4.1' },
65 silly resolved     devDependencies:
65 silly resolved      { '@babel/core': '^7.7.2',
65 silly resolved        '@types/node': '^10.12.21',
65 silly resolved        '@types/tapable': '^1.0.1',
65 silly resolved        '@types/webpack-sources': '^0.1.4',
65 silly resolved        '@yarnpkg/lockfile': '^1.1.0',
65 silly resolved        'babel-loader': '^8.0.6',
65 silly resolved        benchmark: '^2.1.1',
65 silly resolved        'bundle-loader': '~0.5.0',
65 silly resolved        'coffee-loader': '^0.9.0',
65 silly resolved        coffeescript: '^2.3.2',
65 silly resolved        coveralls: '^3.0.2',
65 silly resolved        'css-loader': '^2.1.0',
65 silly resolved        'es6-promise-polyfill': '^1.1.1',
65 silly resolved        eslint: '^5.8.0',
65 silly resolved        'eslint-config-prettier': '^4.0.0',
65 silly resolved        'eslint-plugin-jest': '^22.2.2',
65 silly resolved        'eslint-plugin-jsdoc': '^15.3.2',
65 silly resolved        'eslint-plugin-node': '^8.0.0',
65 silly resolved        'eslint-plugin-prettier': '^3.0.0',
65 silly resolved        express: '~4.16.4',
65 silly resolved        'file-loader': '^3.0.1',
65 silly resolved        glob: '^7.1.3',
65 silly resolved        husky: '^1.1.3',
65 silly resolved        'i18n-webpack-plugin': '^1.0.0',
65 silly resolved        istanbul: '^0.4.5',
65 silly resolved        jest: '^24.9.0',
65 silly resolved        'jest-junit': '^8.0.0',
65 silly resolved        'json-loader': '^0.5.7',
65 silly resolved        'json-schema-to-typescript': '^6.0.1',
65 silly resolved        less: '^3.9.0',
65 silly resolved        'less-loader': '^4.0.3',
65 silly resolved        'lint-staged': '^8.0.4',
65 silly resolved        lodash: '^4.17.4',
65 silly resolved        prettier: '^1.14.3',
65 silly resolved        pug: '^2.0.4',
65 silly resolved        'pug-loader': '^2.4.0',
65 silly resolved        'raw-loader': '^1.0.0',
65 silly resolved        react: '^16.8.0',
65 silly resolved        'react-dom': '^16.8.0',
65 silly resolved        rimraf: '^2.6.2',
65 silly resolved        'script-loader': '~0.7.0',
65 silly resolved        'simple-git': '^1.65.0',
65 silly resolved        'strip-ansi': '^5.2.0',
65 silly resolved        'style-loader': '^0.23.1',
65 silly resolved        typescript: '^3.0.0-rc',
65 silly resolved        'url-loader': '^1.1.2',
65 silly resolved        'val-loader': '^1.0.2',
65 silly resolved        'vm-browserify': '~1.1.0',
65 silly resolved        'wast-loader': '^1.5.5',
65 silly resolved        'webpack-dev-middleware': '^3.5.1',
65 silly resolved        'webassembly-feature': '1.3.0',
65 silly resolved        'worker-loader': '^2.0.0',
65 silly resolved        xxhashjs: '^0.2.1' },
65 silly resolved     engines: { node: '>=6.11.5' },
65 silly resolved     repository:
65 silly resolved      { type: 'git',
65 silly resolved        url: 'git+https://github.com/webpack/webpack.git' },
65 silly resolved     funding:
65 silly resolved      { type: 'opencollective',
65 silly resolved        url: 'https://opencollective.com/webpack' },
65 silly resolved     homepage: 'https://github.com/webpack/webpack',
65 silly resolved     main: 'lib/webpack.js',
65 silly resolved     web: 'lib/webpack.web.js',
65 silly resolved     bin: { webpack: 'bin/webpack.js' },
65 silly resolved     scripts:
65 silly resolved      { setup: 'node ./setup/setup.js',
65 silly resolved        test:
65 silly resolved         'node --max-old-space-size=4096 --trace-deprecation node_modules/jest-cli/bin/jest',
65 silly resolved        'test:update-snapshots': 'yarn jest -u',
65 silly resolved        'test:integration':
65 silly resolved         'node --max-old-space-size=4096 --trace-deprecation node_modules/jest-cli/bin/jest --testMatch "<rootDir>/test/*.test.js"',
65 silly resolved        'test:basic':
65 silly resolved         'node --max-old-space-size=4096 --trace-deprecation node_modules/jest-cli/bin/jest --testMatch "<rootDir>/te{st/TestCasesNormal,st/StatsTestCases,st/ConfigTestCases}.test.js"',
65 silly resolved        'test:unit':
65 silly resolved         'node --max-old-space-size=4096 --trace-deprecation node_modules/jest-cli/bin/jest --testMatch "<rootDir>/test/*.unittest.js"',
65 silly resolved        'travis:integration': 'yarn cover:integration --ci $JEST',
65 silly resolved        'travis:basic': 'yarn cover:basic --ci $JEST',
65 silly resolved        'travis:lintunit': 'yarn lint && yarn cover:unit --ci $JEST',
65 silly resolved        'travis:benchmark': 'yarn benchmark --ci',
65 silly resolved        'appveyor:integration': 'yarn cover:integration --ci %JEST%',
65 silly resolved        'appveyor:unit': 'yarn cover:unit --ci %JEST%',
65 silly resolved        'appveyor:benchmark': 'yarn benchmark --ci',
65 silly resolved        'build:examples': 'cd examples && node buildAll.js',
65 silly resolved        pretest: 'yarn lint',
65 silly resolved        prelint: 'yarn setup',
65 silly resolved        lint:
65 silly resolved         'yarn code-lint && yarn jest-lint && yarn type-lint && yarn special-lint',
65 silly resolved        'code-lint': 'eslint . --ext \'.js\' --cache',
65 silly resolved        'type-lint': 'tsc --pretty',
65 silly resolved        'special-lint':
65 silly resolved         'node tooling/inherit-types && node tooling/format-schemas && node tooling/compile-to-definitions',
65 silly resolved        'special-lint-fix':
65 silly resolved         'node tooling/inherit-types --write --override && node tooling/format-schemas --write && node tooling/compile-to-definitions --write',
65 silly resolved        fix: 'yarn code-lint --fix && yarn special-lint-fix',
65 silly resolved        pretty:
65 silly resolved         'prettier --loglevel warn --write "*.{ts,js,json,yml,yaml}" "{setup,lib,bin,hot,buildin,benchmark,tooling,schemas}/**/*.{js,json}" "test/*.js" "test/helpers/*.js" "test/{configCases,watchCases,statsCases,hotCases}/**/webpack.config.js" "examples/**/webpack.config.js"',
65 silly resolved        'jest-lint':
65 silly resolved         'node --max-old-space-size=4096 node_modules/jest-cli/bin/jest --testMatch "<rootDir>/test/*.lint.js" --no-verbose',
65 silly resolved        benchmark:
65 silly resolved         'node --max-old-space-size=4096 --trace-deprecation node_modules/jest-cli/bin/jest --testMatch "<rootDir>/test/*.benchmark.js" --runInBand',
65 silly resolved        cover: 'yarn cover:all && yarn cover:report',
65 silly resolved        'cover:all':
65 silly resolved         'node --max-old-space-size=4096 node_modules/jest-cli/bin/jest --coverage',
65 silly resolved        'cover:basic':
65 silly resolved         'node --max-old-space-size=4096 node_modules/jest-cli/bin/jest --testMatch "<rootDir>/te{st/TestCasesNormal,st/StatsTestCases,st/ConfigTestCases}.test.js" --coverage',
65 silly resolved        'cover:integration':
65 silly resolved         'node --max-old-space-size=4096 node_modules/jest-cli/bin/jest --testMatch "<rootDir>/test/*.test.js" --coverage',
65 silly resolved        'cover:unit':
65 silly resolved         'node --max-old-space-size=4096 node_modules/jest-cli/bin/jest --testMatch "<rootDir>/test/*.unittest.js" --coverage',
65 silly resolved        'cover:report': 'istanbul report' },
65 silly resolved     husky: { hooks: [Object] },
65 silly resolved     'lint-staged':
65 silly resolved      { '*.js|{lib,setup,bin,hot,buildin,tooling,schemas}/**/*.js|test/*.js|{test,examples}/**/webpack.config.js}': [Array] },
65 silly resolved     jest:
65 silly resolved      { forceExit: true,
65 silly resolved        setupFilesAfterEnv: [Array],
65 silly resolved        testMatch: [Array],
65 silly resolved        watchPathIgnorePatterns: [Array],
65 silly resolved        modulePathIgnorePatterns: [Array],
65 silly resolved        transformIgnorePatterns: [Array],
65 silly resolved        coverageDirectory: '<rootDir>/coverage',
65 silly resolved        coveragePathIgnorePatterns: [Array],
65 silly resolved        testEnvironment: 'node',
65 silly resolved        coverageReporters: [Array] },
65 silly resolved     gitHead: 'c9d4ff7b054fc581c96ce0e53432d44f9dd8ca72',
65 silly resolved     bugs: { url: 'https://github.com/webpack/webpack/issues' },
65 silly resolved     _id: 'webpack@4.43.0',
65 silly resolved     _nodeVersion: '13.7.0',
65 silly resolved     _npmVersion: '6.13.6',
65 silly resolved     dist:
65 silly resolved      { integrity:
65 silly resolved         'sha512-GW1LjnPipFW2Y78OOab8NJlCflB7EFskMih2AHdvjbpKMeDJqEgSx24cXXXiPS65+WSwVyxtDsJH6jGX2czy+g==',
65 silly resolved        shasum: 'c48547b11d563224c561dad1172c8aa0b8a678e6',
65 silly resolved        tarball: 'https://registry.npmjs.org/webpack/-/webpack-4.43.0.tgz',
65 silly resolved        fileCount: 358,
65 silly resolved        unpackedSize: 1467473,
65 silly resolved        'npm-signature':
65 silly resolved         '-----BEGIN PGP SIGNATURE-----\r\nVersion: OpenPGP.js v3.0.4\r\nComment: https://openpgpjs.org\r\n\r\nwsFcBAEBCAAQBQJenx0CCRA9TVsSAnZWagAAw0IQAIkwMID7VS1v7QL2eZ7j\nIQibiHGjzyEiixxPW0SBghBOEOSUV5ThrwyBbaQoT05Z2KyBNaObmtyCBQG+\nZOcAcO9AIlAe0RuVfnMl496ev8YBRm9HSIZw+S3HN24fRACQ9KstmAIL3n6L\nXfIri0S8tbOmZl9ICHpa+i1ZsfukuC00uRhSLHOZix144MUgqkRK8QEWcrPX\ntHJOEywAEssnfwPdtnZ5w1tg5uEeKWQVF4cW2o7jJwmpOLSjA6OZF07vMRCZ\nLoBveRdEXpq9NnMkIs+Iw3AH6SY5mZJWD2vxDYTbt9/mF3+wwv9Mrt4/ZdJP\n59wD3QWjAhzKsTx1ToFPFYflEA1wDPiMso6SGmgJzsv7M3ge1NH+pixk8dQh\nqQHo5bG/0FZVySayqJ+HvLDqmrmtcqL7HTasCH4GBPcAGE97fnyhLIM21Rma\nQlgKU+NZuIK0IraJFj9MU4TF1dSQtD2tqeYrGVPTE5grHaa9t7rUjVb/2KYz\nEY019zIOfetGnFE+CvzLtX/Drf1V/mpkr/kk0hIo0kwJE64zGi5asWk8o09R\n0+Lh296Q+R75Bd+SrTJFMK2j4mUSj9liaK3QpZSIIRcCyDWZzcEq/FRL2ww+\n8sQcZqNh5FJRXqSfsTp6xwymZQJvvbcJp3HI2i0trtv9aahX9WaH3IqjULwc\nR05m\r\n=PQwG\r\n-----END PGP SIGNATURE-----\r\n' },
65 silly resolved     maintainers: [ [Object], [Object], [Object] ],
65 silly resolved     _npmUser: { name: 'sokra', email: 'tobias.koppers@googlemail.com' },
65 silly resolved     directories: {},
65 silly resolved     _npmOperationalInternal:
65 silly resolved      { host: 's3://npm-registry-packages',
65 silly resolved        tmp: 'tmp/webpack_4.43.0_1587485953799_0.4319036311244495' },
65 silly resolved     _hasShrinkwrap: false,
65 silly resolved     _shasum: 'c48547b11d563224c561dad1172c8aa0b8a678e6',
65 silly resolved     _from: 'webpack@',
65 silly resolved     _resolved: 'https://registry.npmjs.org/webpack/-/webpack-4.43.0.tgz' } ]
66 info install webpack@4.43.0 into /home/marcos/GIT/laws
67 info installOne webpack@4.43.0
68 verbose node_modules/webpack unbuild
69 error TypeError: Cannot read property 'del' of undefined
69 error     at /usr/share/npm/lib/unbuild.js:32:20
69 error     at /usr/lib/nodejs/read-package-json/read-json.js:115:5
69 error     at /usr/lib/nodejs/read-package-json/read-json.js:418:5
69 error     at handleExists (/usr/lib/nodejs/read-package-json/read-json.js:382:20)
69 error     at fs.stat (/usr/lib/nodejs/read-package-json/read-json.js:390:33)
69 error     at /usr/lib/nodejs/graceful-fs/polyfills.js:287:18
69 error     at FSReqWrap.oncomplete (fs.js:154:5)
70 error If you need help, you may report this *entire* log,
70 error including the npm and node versions, at:
70 error     <http://github.com/npm/npm/issues>
71 error System Linux 4.19.0-6-amd64
72 error command "/usr/bin/node" "/usr/bin/npm" "install" "--save-dev" "webpack"
73 error cwd /home/marcos/GIT/laws
74 error node -v v10.21.0
75 error npm -v 1.4.21
76 verbose exit [ 1, true ]
